#-----------------------------------------------------------
# Vivado v2015.2 (64-bit)
# SW Build 1266856 on Fri Jun 26 16:35:25 MDT 2015
# IP Build 1264090 on Wed Jun 24 14:22:01 MDT 2015
# Start of session at: Sat Mar 11 17:51:25 2023
# Process ID: 7400
# Log file: C:/DSL4/dsl4_demo_app/vivado.log
# Journal file: C:/DSL4/dsl4_demo_app\vivado.jou
#-----------------------------------------------------------
start_gui
open_project C:/DSL4/dsl4_demo_app/dsl4_demo_app.xpr
Scanning sources...
Finished scanning sources
INFO: [IP_Flow 19-234] Refreshing IP repositories
INFO: [IP_Flow 19-1704] No user IP repositories specified
INFO: [IP_Flow 19-2313] Loaded Vivado IP repository 'C:/Xilinx/Vivado/2015.2/data/ip'.
open_project: Time (s): cpu = 00:00:11 ; elapsed = 00:00:07 . Memory (MB): peak = 690.617 ; gain = 143.012
open_project C:/DSL4/Module_1/Module_1.xpr
Scanning sources...
Finished scanning sources
INFO: [IP_Flow 19-234] Refreshing IP repositories
INFO: [IP_Flow 19-1704] No user IP repositories specified
INFO: [IP_Flow 19-2313] Loaded Vivado IP repository 'C:/Xilinx/Vivado/2015.2/data/ip'.
current_project dsl4_demo_app
current_project Module_1
current_project dsl4_demo_app
current_project Module_1
current_project dsl4_demo_app
import_files -norecurse {C:/DSL4/Mouse_interface/Mouse_interface.srcs/sources_1/imports/new/SevenSegmentDisplay.v C:/DSL4/Mouse_interface/Mouse_interface.srcs/sources_1/imports/new/MouseMasterSM.v C:/DSL4/Mouse_interface/Mouse_interface.srcs/sources_1/imports/new/MouseTransmitter.v C:/DSL4/Mouse_interface/Mouse_interface.srcs/sources_1/imports/new/MouseTransceiver.v C:/DSL4/Mouse_interface/Mouse_interface.srcs/sources_1/imports/new/MouseReceiver.v}
update_compile_order -fileset sources_1
update_compile_order -fileset sources_1
update_compile_order -fileset sim_1
update_compile_order -fileset sources_1
current_project Module_1
current_project dsl4_demo_app
update_compile_order -fileset sources_1
current_project Module_1
current_project dsl4_demo_app
close [ open C:/DSL4/dsl4_demo_app/dsl4_demo_app.srcs/sources_1/new/MouseBus.v w ]
add_files C:/DSL4/dsl4_demo_app/dsl4_demo_app.srcs/sources_1/new/MouseBus.v
update_compile_order -fileset sources_1
update_compile_order -fileset sources_1
update_compile_order -fileset sim_1
update_compile_order -fileset sources_1
current_project Module_1
current_project dsl4_demo_app
current_project Module_1
close_project
****** Webtalk v2015.2 (64-bit)
  **** SW Build 1266856 on Fri Jun 26 16:35:25 MDT 2015
  **** IP Build 1264090 on Wed Jun 24 14:22:01 MDT 2015
    ** Copyright 1986-2015 Xilinx, Inc. All Rights Reserved.

source C:/DSL4/Module_1/Module_1.hw/webtalk/labtool_webtalk.tcl -notrace

    while executing
"webtalk_transmit -clientid 2641916067 -regid "212293841_0_0_544" -xml C:/DSL4/Module_1/Module_1.hw/webtalk/usage_statistics_ext_labtool.xml -html C:/D..."
    (file "C:/DSL4/Module_1/Module_1.hw/webtalk/labtool_webtalk.tcl" line 26)
INFO: [Common 17-206] Exiting Webtalk at Tue Mar 14 08:46:17 2023...
close_project: Time (s): cpu = 00:00:01 ; elapsed = 00:00:05 . Memory (MB): peak = 829.309 ; gain = 0.000
open_project C:/DSL4/Module_1/Module_1.xpr
Scanning sources...
Finished scanning sources
INFO: [IP_Flow 19-234] Refreshing IP repositories
INFO: [IP_Flow 19-1704] No user IP repositories specified
INFO: [IP_Flow 19-2313] Loaded Vivado IP repository 'C:/Xilinx/Vivado/2015.2/data/ip'.
close_project
update_compile_order -fileset sources_1
update_compile_order -fileset sources_1
update_compile_order -fileset sim_1
update_compile_order -fileset sources_1
update_compile_order -fileset sources_1
update_compile_order -fileset sim_1
update_compile_order -fileset sources_1
update_compile_order -fileset sources_1
update_compile_order -fileset sources_1
update_compile_order -fileset sim_1
update_compile_order -fileset sources_1
close [ open C:/DSL4/dsl4_demo_app/dsl4_demo_app.srcs/sources_1/new/TOP.v w ]
add_files C:/DSL4/dsl4_demo_app/dsl4_demo_app.srcs/sources_1/new/TOP.v
update_compile_order -fileset sources_1
update_compile_order -fileset sources_1
update_compile_order -fileset sim_1
update_compile_order -fileset sources_1
open_project C:/DSL4/Module_1/Module_1.xpr
Scanning sources...
Finished scanning sources
INFO: [IP_Flow 19-234] Refreshing IP repositories
INFO: [IP_Flow 19-1704] No user IP repositories specified
INFO: [IP_Flow 19-2313] Loaded Vivado IP repository 'C:/Xilinx/Vivado/2015.2/data/ip'.
current_project dsl4_demo_app
update_compile_order -fileset sources_1
update_compile_order -fileset sim_1
update_compile_order -fileset sources_1
update_compile_order -fileset sources_1
update_compile_order -fileset sources_1
update_compile_order -fileset sim_1
update_compile_order -fileset sources_1
current_project Module_1
current_project dsl4_demo_app
current_project Module_1
open_project C:/DSL4/Assembler-master/mouseDemoProcessor/ProcessorBackup.xpr
Scanning sources...
Finished scanning sources
INFO: [IP_Flow 19-234] Refreshing IP repositories
INFO: [IP_Flow 19-1704] No user IP repositories specified
INFO: [IP_Flow 19-2313] Loaded Vivado IP repository 'C:/Xilinx/Vivado/2015.2/data/ip'.
open_project: Time (s): cpu = 00:00:13 ; elapsed = 00:00:14 . Memory (MB): peak = 943.898 ; gain = 87.367
current_project Module_1
