Copyright 1986-2015 Xilinx, Inc. All Rights Reserved.
----------------------------------------------------------------------------------------
| Tool Version     : Vivado v.2015.2 (win64) Build 1266856 Fri Jun 26 16:35:25 MDT 2015
| Date             : Sat Apr 01 13:44:36 2023
| Host             : XPS13-Chris running 64-bit major release  (build 9200)
| Command          : 
| Design           : TOP
| Device           : xc7a35tcpg236-1
| Design State     : Routed
| Grade            : commercial
| Process          : typical
| Characterization : Production
----------------------------------------------------------------------------------------

Power Report

Table of Contents
-----------------
1. Summary
1.1 On-Chip Components
1.2 Power Supply Summary
1.3 Confidence Level
2. Settings
2.1 Environment
2.2 Clock Constraints
3. Detailed Reports
3.1 By Hierarchy

1. Summary
----------

+--------------------------+----------------------------------+
| Total On-Chip Power (W)  | 16.399 (Junction temp exceeded!) |
| Dynamic (W)              | 16.092                           |
| Device Static (W)        | 0.307                            |
| Effective TJA (C/W)      | 5.0                              |
| Max Ambient (C)          | 3.0                              |
| Junction Temperature (C) | 107.0                            |
| Confidence Level         | Low                              |
| Setting File             | ---                              |
| Simulation Activity File | ---                              |
| Design Nets Matched      | NA                               |
+--------------------------+----------------------------------+


1.1 On-Chip Components
----------------------

+----------------+-----------+----------+-----------+-----------------+
| On-Chip        | Power (W) | Used     | Available | Utilization (%) |
+----------------+-----------+----------+-----------+-----------------+
| Slice Logic    |     2.913 |     1653 |       --- |             --- |
|   LUT as Logic |     2.637 |      728 |     20800 |            3.50 |
|   CARRY4       |     0.168 |       80 |      8150 |            0.98 |
|   Register     |     0.099 |      654 |     41600 |            1.57 |
|   BUFG         |     0.006 |        1 |        32 |            3.13 |
|   F7/F8 Muxes  |     0.004 |        4 |     32600 |            0.01 |
|   Others       |     0.000 |       51 |       --- |             --- |
| Signals        |     2.819 |     1375 |       --- |             --- |
| Block RAM      |     0.261 |        2 |        50 |            4.00 |
| I/O            |    10.098 |       49 |       106 |           46.23 |
| Static Power   |     0.307 |          |           |                 |
| Total          |    16.399 |          |           |                 |
+----------------+-----------+----------+-----------+-----------------+


1.2 Power Supply Summary
------------------------

+-----------+-------------+-----------+-------------+------------+
| Source    | Voltage (V) | Total (A) | Dynamic (A) | Static (A) |
+-----------+-------------+-----------+-------------+------------+
| Vccint    |       1.000 |     6.202 |       6.003 |      0.199 |
| Vccaux    |       1.800 |     0.404 |       0.369 |      0.035 |
| Vcco33    |       3.300 |     2.851 |       2.850 |      0.001 |
| Vcco25    |       2.500 |     0.000 |       0.000 |      0.000 |
| Vcco18    |       1.800 |     0.000 |       0.000 |      0.000 |
| Vcco15    |       1.500 |     0.000 |       0.000 |      0.000 |
| Vcco135   |       1.350 |     0.000 |       0.000 |      0.000 |
| Vcco12    |       1.200 |     0.000 |       0.000 |      0.000 |
| Vccaux_io |       1.800 |     0.000 |       0.000 |      0.000 |
| Vccbram   |       1.000 |     0.026 |       0.019 |      0.006 |
| MGTAVcc   |       1.000 |     0.000 |       0.000 |      0.000 |
| MGTAVtt   |       1.200 |     0.000 |       0.000 |      0.000 |
| Vccadc    |       1.800 |     0.020 |       0.000 |      0.020 |
+-----------+-------------+-----------+-------------+------------+


1.3 Confidence Level
--------------------

+-----------------------------+------------+--------------------------------------------------------+--------------------------------------------------------------------------------------------------------------------+
| User Input Data             | Confidence | Details                                                | Action                                                                                                             |
+-----------------------------+------------+--------------------------------------------------------+--------------------------------------------------------------------------------------------------------------------+
| Design implementation state | High       | Design is routed                                       |                                                                                                                    |
| Clock nodes activity        | Low        | User specified less than 75% of clocks                 | Provide missing clock activity with a constraint file, simulation results or by editing the "By Clock Domain" view |
| I/O nodes activity          | Low        | More than 75% of inputs are missing user specification | Provide missing input activity with simulation results or by editing the "By Resource Type -> I/Os" view           |
| Internal nodes activity     | Medium     | User specified less than 25% of internal nodes         | Provide missing internal nodes activity with simulation results or by editing the "By Resource Type" views         |
| Device models               | High       | Device models are Production                           |                                                                                                                    |
|                             |            |                                                        |                                                                                                                    |
| Overall confidence level    | Low        |                                                        |                                                                                                                    |
+-----------------------------+------------+--------------------------------------------------------+--------------------------------------------------------------------------------------------------------------------+


2. Settings
-----------

2.1 Environment
---------------

+-----------------------+--------------------------+
| Ambient Temp (C)      | 25.0                     |
| ThetaJA (C/W)         | 5.0                      |
| Airflow (LFM)         | 250                      |
| Heat Sink             | medium (Medium Profile)  |
| ThetaSA (C/W)         | 4.6                      |
| Board Selection       | medium (10"x10")         |
| # of Board Layers     | 12to15 (12 to 15 Layers) |
| Board Temperature (C) | 25.0                     |
+-----------------------+--------------------------+


2.2 Clock Constraints
---------------------

+-------+--------+-----------------+
| Clock | Domain | Constraint (ns) |
+-------+--------+-----------------+


3. Detailed Reports
-------------------

3.1 By Hierarchy
----------------

+--------------------------+-----------+
| Name                     | Power (W) |
+--------------------------+-----------+
| TOP                      |    16.092 |
|   BUTTONS                |    <0.001 |
|   CLK_MOUSE_IOBUF_inst   |     0.000 |
|   CPU                    |     1.639 |
|     ALU0                 |     0.347 |
|   DATA_MOUSE_IOBUF_inst  |     0.063 |
|   DISPLAY                |     0.251 |
|     display              |     0.240 |
|   IR                     |     0.174 |
|     Counter_10Hz         |     0.155 |
|       Counter_10Hz       |     0.155 |
|     IR_SM                |     0.020 |
|       Pulse_Counter      |     0.002 |
|       Pulse_Generator    |     0.015 |
|   LED                    |    <0.001 |
|   MEM_DATA               |     0.188 |
|   MEM_INST               |     1.250 |
|   MOUSE                  |     1.456 |
|     mouse                |     1.359 |
|       MSM                |     0.343 |
|       R                  |     0.427 |
|       T                  |     0.345 |
|   SWITCHES               |     0.002 |
|   TIMER                  |     0.436 |
|   VGA_Controller         |     0.514 |
|     FrameBuffer          |     0.149 |
|     SignalGenerator      |     0.253 |
|       FCounter           |     0.076 |
|       HorizontialCounter |     0.058 |
|       VerticalCounter    |     0.028 |
+--------------------------+-----------+


